<?xml version="1.0" encoding="UTF-8"?>
<testsuite xmlns:xsi="http://www.w3.org/2001/XMLSchema-instance" xsi:noNamespaceSchemaLocation="https://maven.apache.org/surefire/maven-surefire-plugin/xsd/surefire-test-report-3.0.xsd" version="3.0" name="project20280.list.CircularlyLinkedListTest" time="0.072" tests="11" errors="0" skipped="0" failures="0">
  <properties>
[...]
</properties>
  <testcase name="testAddLast" classname="project20280.list.CircularlyLinkedListTest" time="0.032"/>
  <testcase name="testAdd" classname="project20280.list.CircularlyLinkedListTest" time="0.001"/>
  <testcase name="testGet" classname="project20280.list.CircularlyLinkedListTest" time="0.002"/>
  <testcase name="testSize" classname="project20280.list.CircularlyLinkedListTest" time="0.0"/>
  <testcase name="testToString" classname="project20280.list.CircularlyLinkedListTest" time="0.0"/>
  <testcase name="testRemoveFirst" classname="project20280.list.CircularlyLinkedListTest" time="0.001"/>
  <testcase name="testAddFirst" classname="project20280.list.CircularlyLinkedListTest" time="0.001"/>
  <testcase name="testRemoveLast" classname="project20280.list.CircularlyLinkedListTest" time="0.0"/>
  <testcase name="testIsEmpty" classname="project20280.list.CircularlyLinkedListTest" time="0.001"/>
  <testcase name="testRemove" classname="project20280.list.CircularlyLinkedListTest" time="0.0"/>
  <testcase name="testRotate" classname="project20280.list.CircularlyLinkedListTest" time="0.003"/>
</testsuite>